<?xml version="1.0" encoding="UTF-8"?>
<!-- Generated by org.testng.reporters.JUnitXMLReporter -->
<testsuite ignored="0" hostname="Meghs" failures="1" tests="1" name="Default test" time="1.644" errors="0" timestamp="2024-08-23T12:21:38 IST">
  <testcase classname="io.cucumber.testng.AbstractTestNGCucumberTests" name="runScenario" time="0.586">
    <failure type="java.lang.NullPointerException" message="Cannot invoke &amp;quot;org.openqa.selenium.WebDriver.manage()&amp;quot; because &amp;quot;this.driver&amp;quot; is null">
      <![CDATA[java.lang.NullPointerException: Cannot invoke "org.openqa.selenium.WebDriver.manage()" because "this.driver" is null
at rahulshettyacademy.TestComponents.BaseTest.initializeDriver(BaseTest.java:33)
at rahulshettyacademy.TestComponents.BaseTest.launchApplication(BaseTest.java:41)
at StepDefinition.StepDefImpli.i_landed_on_ecommerce_page(StepDefImpli.java:27)
at ✽.I landed on e-commerce page(file:///C:/Users/hp/Desktop/SeleniumFrameWork/src/test/java/cucumber/purchaseOrder.feature:7)
]]>
    </failure>
  </testcase> <!-- runScenario -->
</testsuite> <!-- Default test -->
