<?xml version="1.0" encoding="UTF-8"?>
<!-- Generated by org.testng.reporters.JUnitReportReporter -->
<testsuite hostname="Meghs" failures="0" tests="1" name="cucumber.TestNgTestRunner" time="0.586" errors="1" timestamp="2024-08-23T12:21:38 IST" skipped="0">
  <testcase classname="cucumber.TestNgTestRunner" name="runScenario" time="0.586">
    <error message="Cannot invoke &quot;org.openqa.selenium.WebDriver.manage()&quot; because &quot;this.driver&quot; is null" type="java.lang.NullPointerException">
      <![CDATA[java.lang.NullPointerException: Cannot invoke "org.openqa.selenium.WebDriver.manage()" because "this.driver" is null
at rahulshettyacademy.TestComponents.BaseTest.initializeDriver(BaseTest.java:33)
at rahulshettyacademy.TestComponents.BaseTest.launchApplication(BaseTest.java:41)
at StepDefinition.StepDefImpli.i_landed_on_ecommerce_page(StepDefImpli.java:27)
at ✽.I landed on e-commerce page(file:///C:/Users/hp/Desktop/SeleniumFrameWork/src/test/java/cucumber/purchaseOrder.feature:7)
]]>
    </error>
  </testcase> <!-- runScenario -->
  <system-out/>
</testsuite> <!-- cucumber.TestNgTestRunner -->
